  Source.cpp
D:\A. Documents\GitHub\KTLT-huntingSnack\hunting snack\Source.cpp(14,13): warning C4326: return type of 'main' should be 'int' instead of 'void'
  base.cpp
D:\A. Documents\GitHub\KTLT-huntingSnack\hunting snack\base.cpp(50,15): warning C4244: 'argument': conversion from 'time_t' to 'unsigned int', possible loss of data
D:\A. Documents\GitHub\KTLT-huntingSnack\hunting snack\base.cpp(208,17): warning C4566: character represented by universal-character-name '\u1EE7' cannot be represented in the current code page (1252)
D:\A. Documents\GitHub\KTLT-huntingSnack\hunting snack\base.cpp(208,17): warning C4566: character represented by universal-character-name '\u01B0' cannot be represented in the current code page (1252)
D:\A. Documents\GitHub\KTLT-huntingSnack\hunting snack\base.cpp(208,17): warning C4566: character represented by universal-character-name '\u1EDD' cannot be represented in the current code page (1252)
D:\A. Documents\GitHub\KTLT-huntingSnack\hunting snack\base.cpp(208,17): warning C4566: character represented by universal-character-name '\u01A1' cannot be represented in the current code page (1252)
D:\A. Documents\GitHub\KTLT-huntingSnack\hunting snack\base.cpp(208,17): warning C4566: character represented by universal-character-name '\u0111' cannot be represented in the current code page (1252)
D:\A. Documents\GitHub\KTLT-huntingSnack\hunting snack\base.cpp(208,17): warning C4566: character represented by universal-character-name '\u1EE3' cannot be represented in the current code page (1252)
D:\A. Documents\GitHub\KTLT-huntingSnack\hunting snack\base.cpp(212,17): warning C4566: character represented by universal-character-name '\u1EC3' cannot be represented in the current code page (1252)
D:\A. Documents\GitHub\KTLT-huntingSnack\hunting snack\base.cpp(212,17): warning C4566: character represented by universal-character-name '\u1EDF' cannot be represented in the current code page (1252)
D:\A. Documents\GitHub\KTLT-huntingSnack\hunting snack\base.cpp(212,58): warning C4566: character represented by universal-character-name '\u0111' cannot be represented in the current code page (1252)
D:\A. Documents\GitHub\KTLT-huntingSnack\hunting snack\base.cpp(212,58): warning C4566: character represented by universal-character-name '\u1EC3' cannot be represented in the current code page (1252)
D:\A. Documents\GitHub\KTLT-huntingSnack\hunting snack\base.cpp(212,58): warning C4566: character represented by universal-character-name '\u01B0' cannot be represented in the current code page (1252)
D:\A. Documents\GitHub\KTLT-huntingSnack\hunting snack\base.cpp(212,58): warning C4566: character represented by universal-character-name '\u1EEF' cannot be represented in the current code page (1252)
D:\A. Documents\GitHub\KTLT-huntingSnack\hunting snack\base.cpp(212,58): warning C4566: character represented by universal-character-name '\u1EC7' cannot be represented in the current code page (1252)
D:\A. Documents\GitHub\KTLT-huntingSnack\hunting snack\base.cpp(221,20): warning C4566: character represented by universal-character-name '\u0110' cannot be represented in the current code page (1252)
D:\A. Documents\GitHub\KTLT-huntingSnack\hunting snack\base.cpp(221,20): warning C4566: character represented by universal-character-name '\u1EC3' cannot be represented in the current code page (1252)
D:\A. Documents\GitHub\KTLT-huntingSnack\hunting snack\base.cpp(221,20): warning C4566: character represented by universal-character-name '\u1ED1' cannot be represented in the current code page (1252)
D:\A. Documents\GitHub\KTLT-huntingSnack\hunting snack\base.cpp(226,17): warning C4566: character represented by universal-character-name '\u1EC3' cannot be represented in the current code page (1252)
D:\A. Documents\GitHub\KTLT-huntingSnack\hunting snack\base.cpp(226,17): warning C4566: character represented by universal-character-name '\u1EDF' cannot be represented in the current code page (1252)
D:\A. Documents\GitHub\KTLT-huntingSnack\hunting snack\base.cpp(226,58): warning C4566: character represented by universal-character-name '\u0111' cannot be represented in the current code page (1252)
D:\A. Documents\GitHub\KTLT-huntingSnack\hunting snack\base.cpp(226,58): warning C4566: character represented by universal-character-name '\u1EC3' cannot be represented in the current code page (1252)
D:\A. Documents\GitHub\KTLT-huntingSnack\hunting snack\base.cpp(226,58): warning C4566: character represented by universal-character-name '\u1EA3' cannot be represented in the current code page (1252)
D:\A. Documents\GitHub\KTLT-huntingSnack\hunting snack\base.cpp(226,58): warning C4566: character represented by universal-character-name '\u1EEF' cannot be represented in the current code page (1252)
D:\A. Documents\GitHub\KTLT-huntingSnack\hunting snack\base.cpp(226,58): warning C4566: character represented by universal-character-name '\u1EC7' cannot be represented in the current code page (1252)
  menu.cpp
  Generating Code...
  hunting snack.vcxproj -> D:\A. Documents\GitHub\KTLT-huntingSnack\x64\Debug\hunting snack.exe
